0 info it worked if it ends with ok
1 verbose cli [ '/usr/bin/node', '/usr/bin/npm', 'i', '-g', 'express' ]
2 info using npm@1.4.28
3 info using node@v0.10.37
4 verbose node symlink /usr/bin/node
5 verbose cache add [ 'express', null ]
6 verbose cache add name=undefined spec="express" args=["express",null]
7 verbose parsed url { protocol: null,
7 verbose parsed url   slashes: null,
7 verbose parsed url   auth: null,
7 verbose parsed url   host: null,
7 verbose parsed url   port: null,
7 verbose parsed url   hostname: null,
7 verbose parsed url   hash: null,
7 verbose parsed url   search: null,
7 verbose parsed url   query: null,
7 verbose parsed url   pathname: 'express',
7 verbose parsed url   path: 'express',
7 verbose parsed url   href: 'express' }
8 silly lockFile f3c62de4-express express
9 verbose lock express /home/tominou/.npm/f3c62de4-express.lock
10 silly lockFile f3c62de4-express express
11 silly lockFile f3c62de4-express express
12 verbose addNamed [ 'express', '' ]
13 verbose addNamed [ null, '*' ]
14 silly lockFile 64a534c1-express express@
15 verbose lock express@ /home/tominou/.npm/64a534c1-express.lock
16 silly addNameRange { name: 'express', range: '*', hasData: false }
17 verbose request where is /express
18 verbose request registry https://registry.npmjs.org/
19 verbose request id e4f8c2f10cd04cdc
20 verbose url raw /express
21 verbose url resolving [ 'https://registry.npmjs.org/', './express' ]
22 verbose url resolved https://registry.npmjs.org/express
23 verbose request where is https://registry.npmjs.org/express
24 info trying registry request attempt 1 at 18:34:48
25 verbose etag "2JZQZ33HAXSEQOH7UU9ZMDSZT"
26 http GET https://registry.npmjs.org/express
27 http 304 https://registry.npmjs.org/express
28 silly registry.get cb [ 304,
28 silly registry.get   { date: 'Thu, 19 Nov 2015 18:34:48 GMT',
28 silly registry.get     via: '1.1 varnish',
28 silly registry.get     'cache-control': 'max-age=60',
28 silly registry.get     etag: '"2JZQZ33HAXSEQOH7UU9ZMDSZT"',
28 silly registry.get     age: '54',
28 silly registry.get     connection: 'keep-alive',
28 silly registry.get     'x-served-by': 'cache-lhr6330-LHR',
28 silly registry.get     'x-cache': 'HIT',
28 silly registry.get     'x-cache-hits': '1',
28 silly registry.get     'x-timer': 'S1447958088.852256,VS0,VE1',
28 silly registry.get     vary: 'Accept' } ]
29 verbose etag https://registry.npmjs.org/express from cache
30 silly addNameRange number 2 { name: 'express', range: '*', hasData: true }
31 silly addNameRange versions [ 'express',
31 silly addNameRange   [ '0.14.0',
31 silly addNameRange     '0.14.1',
31 silly addNameRange     '1.0.0',
31 silly addNameRange     '1.0.1',
31 silly addNameRange     '1.0.2',
31 silly addNameRange     '1.0.3',
31 silly addNameRange     '1.0.4',
31 silly addNameRange     '1.0.5',
31 silly addNameRange     '1.0.6',
31 silly addNameRange     '1.0.7',
31 silly addNameRange     '1.0.8',
31 silly addNameRange     '2.0.0',
31 silly addNameRange     '2.1.0',
31 silly addNameRange     '2.1.1',
31 silly addNameRange     '2.2.0',
31 silly addNameRange     '2.2.1',
31 silly addNameRange     '2.2.2',
31 silly addNameRange     '2.3.0',
31 silly addNameRange     '2.3.1',
31 silly addNameRange     '2.3.2',
31 silly addNameRange     '2.3.3',
31 silly addNameRange     '2.3.4',
31 silly addNameRange     '2.3.5',
31 silly addNameRange     '2.3.6',
31 silly addNameRange     '2.3.7',
31 silly addNameRange     '2.3.8',
31 silly addNameRange     '2.3.9',
31 silly addNameRange     '2.3.10',
31 silly addNameRange     '2.3.11',
31 silly addNameRange     '2.3.12',
31 silly addNameRange     '2.4.0',
31 silly addNameRange     '2.4.1',
31 silly addNameRange     '2.4.2',
31 silly addNameRange     '2.4.3',
31 silly addNameRange     '2.4.4',
31 silly addNameRange     '2.4.5',
31 silly addNameRange     '2.4.6',
31 silly addNameRange     '2.4.7',
31 silly addNameRange     '2.5.0',
31 silly addNameRange     '2.5.1',
31 silly addNameRange     '2.5.2',
31 silly addNameRange     '2.5.3',
31 silly addNameRange     '2.5.4',
31 silly addNameRange     '2.5.5',
31 silly addNameRange     '2.5.6',
31 silly addNameRange     '2.5.7',
31 silly addNameRange     '2.5.8',
31 silly addNameRange     '2.5.9',
31 silly addNameRange     '2.5.10',
31 silly addNameRange     '2.5.11',
31 silly addNameRange     '3.0.0',
31 silly addNameRange     '3.0.1',
31 silly addNameRange     '3.0.2',
31 silly addNameRange     '3.0.3',
31 silly addNameRange     '3.0.4',
31 silly addNameRange     '3.0.5',
31 silly addNameRange     '3.0.6',
31 silly addNameRange     '3.1.0',
31 silly addNameRange     '3.1.1',
31 silly addNameRange     '3.1.2',
31 silly addNameRange     '3.2.0',
31 silly addNameRange     '3.2.1',
31 silly addNameRange     '3.2.2',
31 silly addNameRange     '3.2.3',
31 silly addNameRange     '3.2.4',
31 silly addNameRange     '3.2.5',
31 silly addNameRange     '3.2.6',
31 silly addNameRange     '3.3.0',
31 silly addNameRange     '3.3.1',
31 silly addNameRange     '3.3.2',
31 silly addNameRange     '3.3.3',
31 silly addNameRange     '3.3.4',
31 silly addNameRange     '3.3.5',
31 silly addNameRange     '3.3.6',
31 silly addNameRange     '1.0.0-beta',
31 silly addNameRange     '1.0.0-beta2',
31 silly addNameRange     '1.0.0-rc',
31 silly addNameRange     '1.0.0-rc2',
31 silly addNameRange     '1.0.0-rc3',
31 silly addNameRange     '1.0.0-rc4',
31 silly addNameRange     '2.0.0-beta',
31 silly addNameRange     '2.0.0-beta2',
31 silly addNameRange     '2.0.0-beta3',
31 silly addNameRange     '2.0.0-rc',
31 silly addNameRange     '2.0.0-rc2',
31 silly addNameRange     '2.0.0-rc3',
31 silly addNameRange     '3.0.0-alpha1',
31 silly addNameRange     '3.0.0-alpha2',
31 silly addNameRange     '3.0.0-alpha3',
31 silly addNameRange     '3.0.0-alpha4',
31 silly addNameRange     '3.0.0-alpha5',
31 silly addNameRange     '3.0.0-beta1',
31 silly addNameRange     '3.0.0-beta2',
31 silly addNameRange     '3.0.0-beta3',
31 silly addNameRange     '3.0.0-beta4',
31 silly addNameRange     '3.0.0-beta6',
31 silly addNameRange     '3.0.0-beta7',
31 silly addNameRange     '3.0.0-rc1',
31 silly addNameRange     '3.0.0-rc2',
31 silly addNameRange     '3.0.0-rc3',
31 silly addNameRange     '3.0.0-rc4',
31 silly addNameRange     '3.0.0-rc5',
31 silly addNameRange     '3.3.7',
31 silly addNameRange     '3.3.8',
31 silly addNameRange     '3.4.0',
31 silly addNameRange     '3.4.1',
31 silly addNameRange     '3.4.2',
31 silly addNameRange     '3.4.3',
31 silly addNameRange     '3.4.4',
31 silly addNameRange     '3.4.5',
31 silly addNameRange     '3.4.6',
31 silly addNameRange     '3.4.7',
31 silly addNameRange     '3.4.8',
31 silly addNameRange     '4.0.0-rc1',
31 silly addNameRange     '4.0.0-rc2',
31 silly addNameRange     '3.5.0',
31 silly addNameRange     '4.0.0-rc3',
31 silly addNameRange     '4.0.0-rc4',
31 silly addNameRange     '3.5.1',
31 silly addNameRange     '4.0.0',
31 silly addNameRange     '3.5.2',
31 silly addNameRange     '4.1.0',
31 silly addNameRange     '4.1.1',
31 silly addNameRange     '3.5.3',
31 silly addNameRange     '4.1.2',
31 silly addNameRange     '3.6.0',
31 silly addNameRange     '4.2.0',
31 silly addNameRange     '3.7.0',
31 silly addNameRange     '3.8.0',
31 silly addNameRange     '4.3.0',
31 silly addNameRange     '4.3.1',
31 silly addNameRange     '3.8.1',
31 silly addNameRange     '4.3.2',
31 silly addNameRange     '3.9.0',
31 silly addNameRange     '4.4.0',
31 silly addNameRange     '4.4.1',
31 silly addNameRange     '3.10.0',
31 silly addNameRange     '3.10.1',
31 silly addNameRange     '3.10.2',
31 silly addNameRange     '3.10.3',
31 silly addNameRange     '3.10.4',
31 silly addNameRange     '4.4.2',
31 silly addNameRange     '3.10.5',
31 silly addNameRange     '4.4.3',
31 silly addNameRange     '3.11.0',
31 silly addNameRange     '4.4.4',
31 silly addNameRange     '3.12.0',
31 silly addNameRange     '3.12.1',
31 silly addNameRange     '4.4.5',
31 silly addNameRange     '3.13.0',
31 silly addNameRange     '4.5.0',
31 silly addNameRange     '4.5.1',
31 silly addNameRange     '3.14.0',
31 silly addNameRange     '4.6.0',
31 silly addNameRange     '4.6.1',
31 silly addNameRange     '3.15.0',
31 silly addNameRange     '4.7.0',
31 silly addNameRange     '3.15.1',
31 silly addNameRange     '4.7.1',
31 silly addNameRange     '3.15.2',
31 silly addNameRange     '4.7.2',
31 silly addNameRange     '4.7.3',
31 silly addNameRange     '3.15.3',
31 silly addNameRange     '4.7.4',
31 silly addNameRange     '3.16.0',
31 silly addNameRange     '4.8.0',
31 silly addNameRange     '3.16.1',
31 silly addNameRange     '4.8.1',
31 silly addNameRange     '3.16.2',
31 silly addNameRange     '4.8.2',
31 silly addNameRange     '3.16.3',
31 silly addNameRange     '3.16.4',
31 silly addNameRange     '4.8.3',
31 silly addNameRange     '3.16.5',
31 silly addNameRange     '3.16.6',
31 silly addNameRange     '4.8.4',
31 silly addNameRange     '3.16.7',
31 silly addNameRange     '4.8.5',
31 silly addNameRange     '3.16.8',
31 silly addNameRange     '4.8.6',
31 silly addNameRange     '3.16.9',
31 silly addNameRange     '4.8.7',
31 silly addNameRange     '3.16.10',
31 silly addNameRange     '4.8.8',
31 silly addNameRange     '3.17.0',
31 silly addNameRange     '3.17.1',
31 silly addNameRange     '4.9.0',
31 silly addNameRange     '3.17.2',
31 silly addNameRange     '4.9.1',
31 silly addNameRange     '4.9.2',
31 silly addNameRange     '3.17.3',
31 silly addNameRange     '4.9.3',
31 silly addNameRange     '3.17.4',
31 silly addNameRange     '4.9.4',
31 silly addNameRange     '3.17.5',
31 silly addNameRange     '4.9.5',
31 silly addNameRange     '3.17.6',
31 silly addNameRange     '3.17.7',
31 silly addNameRange     '4.9.6',
31 silly addNameRange     '4.9.7',
31 silly addNameRange     '3.17.8',
31 silly addNameRange     '4.9.8',
31 silly addNameRange     '3.18.0',
31 silly addNameRange     '3.18.1',
31 silly addNameRange     '4.10.0',
31 silly addNameRange     '3.18.2',
31 silly addNameRange     '4.10.1',
31 silly addNameRange     '5.0.0-alpha.1',
31 silly addNameRange     '3.18.3',
31 silly addNameRange     '4.10.2',
31 silly addNameRange     '3.18.4',
31 silly addNameRange     '4.10.3',
31 silly addNameRange     '4.10.4',
31 silly addNameRange     '4.10.5',
31 silly addNameRange     '3.18.5',
31 silly addNameRange     '3.18.6',
31 silly addNameRange     '4.10.6',
31 silly addNameRange     '4.10.7',
31 silly addNameRange     '3.19.0',
31 silly addNameRange     '4.10.8',
31 silly addNameRange     '4.11.0',
31 silly addNameRange     '3.19.1',
31 silly addNameRange     '4.11.1',
31 silly addNameRange     '3.19.2',
31 silly addNameRange     '4.11.2',
31 silly addNameRange     '3.20.0',
31 silly addNameRange     '4.12.0',
31 silly addNameRange     '3.20.1',
31 silly addNameRange     '4.12.1',
31 silly addNameRange     '4.12.2',
31 silly addNameRange     '3.20.2',
31 silly addNameRange     '4.12.3',
31 silly addNameRange     '3.20.3',
31 silly addNameRange     '4.12.4',
31 silly addNameRange     '3.21.0',
31 silly addNameRange     '4.13.0',
31 silly addNameRange     '3.21.1',
31 silly addNameRange     '4.13.1',
31 silly addNameRange     '5.0.0-alpha.2',
31 silly addNameRange     '3.21.2',
31 silly addNameRange     '4.13.2',
31 silly addNameRange     '4.13.3' ] ]
32 verbose addNamed [ 'express', '4.13.3' ]
33 verbose addNamed [ '4.13.3', '4.13.3' ]
34 silly lockFile 51f1744e-express-4-13-3 express@4.13.3
35 verbose lock express@4.13.3 /home/tominou/.npm/51f1744e-express-4-13-3.lock
36 silly lockFile 51f1744e-express-4-13-3 express@4.13.3
37 silly lockFile 51f1744e-express-4-13-3 express@4.13.3
38 silly lockFile 64a534c1-express express@
39 silly lockFile 64a534c1-express express@
40 silly resolved [ { name: 'express',
40 silly resolved     description: 'Fast, unopinionated, minimalist web framework',
40 silly resolved     version: '4.13.3',
40 silly resolved     author: { name: 'TJ Holowaychuk', email: 'tj@vision-media.ca' },
40 silly resolved     contributors:
40 silly resolved      [ [Object],
40 silly resolved        [Object],
40 silly resolved        [Object],
40 silly resolved        [Object],
40 silly resolved        [Object],
40 silly resolved        [Object],
40 silly resolved        [Object] ],
40 silly resolved     license: 'MIT',
40 silly resolved     repository: { type: 'git', url: 'https://github.com/strongloop/express' },
40 silly resolved     homepage: 'http://expressjs.com/',
40 silly resolved     keywords:
40 silly resolved      [ 'express',
40 silly resolved        'framework',
40 silly resolved        'sinatra',
40 silly resolved        'web',
40 silly resolved        'rest',
40 silly resolved        'restful',
40 silly resolved        'router',
40 silly resolved        'app',
40 silly resolved        'api' ],
40 silly resolved     dependencies:
40 silly resolved      { accepts: '~1.2.12',
40 silly resolved        'array-flatten': '1.1.1',
40 silly resolved        'content-disposition': '0.5.0',
40 silly resolved        'content-type': '~1.0.1',
40 silly resolved        cookie: '0.1.3',
40 silly resolved        'cookie-signature': '1.0.6',
40 silly resolved        debug: '~2.2.0',
40 silly resolved        depd: '~1.0.1',
40 silly resolved        'escape-html': '1.0.2',
40 silly resolved        etag: '~1.7.0',
40 silly resolved        finalhandler: '0.4.0',
40 silly resolved        fresh: '0.3.0',
40 silly resolved        'merge-descriptors': '1.0.0',
40 silly resolved        methods: '~1.1.1',
40 silly resolved        'on-finished': '~2.3.0',
40 silly resolved        parseurl: '~1.3.0',
40 silly resolved        'path-to-regexp': '0.1.7',
40 silly resolved        'proxy-addr': '~1.0.8',
40 silly resolved        qs: '4.0.0',
40 silly resolved        'range-parser': '~1.0.2',
40 silly resolved        send: '0.13.0',
40 silly resolved        'serve-static': '~1.10.0',
40 silly resolved        'type-is': '~1.6.6',
40 silly resolved        'utils-merge': '1.0.0',
40 silly resolved        vary: '~1.0.1' },
40 silly resolved     devDependencies:
40 silly resolved      { after: '0.8.1',
40 silly resolved        ejs: '2.3.3',
40 silly resolved        istanbul: '0.3.17',
40 silly resolved        marked: '0.3.5',
40 silly resolved        mocha: '2.2.5',
40 silly resolved        should: '7.0.2',
40 silly resolved        supertest: '1.0.1',
40 silly resolved        'body-parser': '~1.13.3',
40 silly resolved        'connect-redis': '~2.4.1',
40 silly resolved        'cookie-parser': '~1.3.5',
40 silly resolved        'cookie-session': '~1.2.0',
40 silly resolved        'express-session': '~1.11.3',
40 silly resolved        jade: '~1.11.0',
40 silly resolved        'method-override': '~2.3.5',
40 silly resolved        morgan: '~1.6.1',
40 silly resolved        multiparty: '~4.1.2',
40 silly resolved        vhost: '~3.0.1' },
40 silly resolved     engines: { node: '>= 0.10.0' },
40 silly resolved     files: [ 'LICENSE', 'History.md', 'Readme.md', 'index.js', 'lib/' ],
40 silly resolved     scripts:
40 silly resolved      { test: 'mocha --require test/support/env --reporter spec --bail --check-leaks test/ test/acceptance/',
40 silly resolved        'test-ci': 'istanbul cover node_modules/mocha/bin/_mocha --report lcovonly -- --require test/support/env --reporter spec --check-leaks test/ test/acceptance/',
40 silly resolved        'test-cov': 'istanbul cover node_modules/mocha/bin/_mocha -- --require test/support/env --reporter dot --check-leaks test/ test/acceptance/',
40 silly resolved        'test-tap': 'mocha --require test/support/env --reporter tap --check-leaks test/ test/acceptance/' },
40 silly resolved     gitHead: 'ef7ad681b245fba023843ce94f6bcb8e275bbb8e',
40 silly resolved     bugs: { url: 'https://github.com/strongloop/express/issues' },
40 silly resolved     _id: 'express@4.13.3',
40 silly resolved     _shasum: 'ddb2f1fb4502bf33598d2b032b037960ca6c80a3',
40 silly resolved     _from: 'express@',
40 silly resolved     _npmVersion: '1.4.28',
40 silly resolved     _npmUser: { name: 'dougwilson', email: 'doug@somethingdoug.com' },
40 silly resolved     maintainers:
40 silly resolved      [ [Object],
40 silly resolved        [Object],
40 silly resolved        [Object],
40 silly resolved        [Object],
40 silly resolved        [Object],
40 silly resolved        [Object],
40 silly resolved        [Object] ],
40 silly resolved     dist:
40 silly resolved      { shasum: 'ddb2f1fb4502bf33598d2b032b037960ca6c80a3',
40 silly resolved        tarball: 'http://registry.npmjs.org/express/-/express-4.13.3.tgz' },
40 silly resolved     directories: {},
40 silly resolved     _resolved: 'https://registry.npmjs.org/express/-/express-4.13.3.tgz',
40 silly resolved     readme: 'ERROR: No README data found!' } ]
41 info install express@4.13.3 into /usr/lib
42 info installOne express@4.13.3
43 verbose lib/node_modules/express unbuild
44 verbose tar unpack /home/tominou/.npm/express/4.13.3/package.tgz
45 silly lockFile ce544511-tar-usr-lib-node-modules-express tar:///usr/lib/node_modules/express
46 verbose lock tar:///usr/lib/node_modules/express /home/tominou/.npm/ce544511-tar-usr-lib-node-modules-express.lock
47 silly lockFile 650e9433-u-npm-express-4-13-3-package-tgz tar:///home/tominou/.npm/express/4.13.3/package.tgz
48 verbose lock tar:///home/tominou/.npm/express/4.13.3/package.tgz /home/tominou/.npm/650e9433-u-npm-express-4-13-3-package-tgz.lock
49 silly gunzTarPerm modes [ '775', '664' ]
50 error Error: EACCES, mkdir '/usr/lib/node_modules/express'
50 error  { [Error: EACCES, mkdir '/usr/lib/node_modules/express']
50 error   errno: 3,
50 error   code: 'EACCES',
50 error   path: '/usr/lib/node_modules/express',
50 error   fstream_type: 'Directory',
50 error   fstream_path: '/usr/lib/node_modules/express',
50 error   fstream_class: 'DirWriter',
50 error   fstream_stack:
50 error    [ '/usr/lib/node_modules/npm/node_modules/fstream/lib/dir-writer.js:36:23',
50 error      '/usr/lib/node_modules/npm/node_modules/mkdirp/index.js:46:53',
50 error      'Object.oncomplete (fs.js:108:15)' ] }
51 error Please try running this command again as root/Administrator.
52 error System Linux 3.13.0-43-generic
53 error command "/usr/bin/node" "/usr/bin/npm" "i" "-g" "express"
54 error cwd /home/tominou/ADOSAUR/app/Backend
55 error node -v v0.10.37
56 error npm -v 1.4.28
57 error path /usr/lib/node_modules/express
58 error fstream_path /usr/lib/node_modules/express
59 error fstream_type Directory
60 error fstream_class DirWriter
61 error code EACCES
62 error errno 3
63 error stack Error: EACCES, mkdir '/usr/lib/node_modules/express'
64 error fstream_stack /usr/lib/node_modules/npm/node_modules/fstream/lib/dir-writer.js:36:23
64 error fstream_stack /usr/lib/node_modules/npm/node_modules/mkdirp/index.js:46:53
64 error fstream_stack Object.oncomplete (fs.js:108:15)
65 verbose exit [ 3, true ]
